Submission Date
Select Plan
Upload Gcash Receipt Here
3K Pinoy Protek - Prime Plan
CARD TYPE
Availment Date
SURNAME
Effective Date Clause
CARD NUMBER
SALES OFFICER
BUSINESS UNIT HEAD
BRANCH HEAD
SALES DISTRIBUTOR
If NAME NOT FOUND, PLEASE INCLUDE BOX WHERE CLIENT CAN INPUT NAMES OF THE REFERROR
Data Privacy Clause
ASSIGNED BPIA EMPLOYEE
Coverage and Age Eligibility Clause
MOBILE NUMBER
EMAIL ADDRESS
BENEFICIARY FULL NAME
BENEFICIARY RELATIONSHIP
BENEFICIARY BIRTHDAY
COMPLETE ADDRESS
GIVE NAME
MIDDLE NAME
BIRTHDAY
AGE
3K Pinoy Protek - Student Plan
Mode of Payment
Submission ID
Submission IP
Last Update Date
////////////////////////////////////////////////////
May 15, 2025
Student Plan


DIGITAL
May 15, 2025
A
I agree

CHIARA KRISTA LANDRITO
MARILYN G. PASANA
LOURDES ABELLA ROSALES
MARY JANE VIGILLA ABINOJA
a
I agree
INGRID LANDRITO
Yes
999
angelesk13@gmail.com
a
a
May 15, 2025
9999
K
H
May 16, 2025
1111
Student Plan D
Cash
6230992860327653471
122.55.217.230

////////////////////////////////////////////////////
May 15, 2025
Student Plan


DIGITAL
May 15, 2025
Desiderio
I agree



MA. CHARINA GOLIPAPA LACANILAO


I agree

Yes
09948530713
eddrind17@gmail.com
Kenneth Angeles
test
May 12, 2002
Banjo East Ecoverde HOmes
Eddrin
Sunga
May 17, 2002
22
Student Plan D
Cash
6230992240323416275
122.55.217.230

////////////////////////////////////////////////////
May 15, 2025
Student Plan
https://www.jotform.com/uploads/eddrind17/250488282878473/6230991840321560688/inbound5672629231766801739.jpg

DIGITAL
May 15, 2025
Tallada
I agree






I agree
UNKNOWN
Yes
2
talladamc@gmail.com



Address
Mike
NA
May 15, 2025
1
Student Plan D
GCash
6230991840321560688
122.55.217.230

////////////////////////////////////////////////////

